{"name": "test_registration[data6]", "status": "failed", "statusDetails": {"message": "AssertionError: Test 'Both Fields Empty' failed: Expected message 'Email and password are required', got 'Validation failed'.\nassert ('Email and password are required' in 'Validation failed' or False)\n +  where 'Validation failed' = <built-in method get of dict object at 0x707d868c4600>('message', '')\n +    where <built-in method get of dict object at 0x707d868c4600> = {'errors': {'confirmEmail': 'Please confirm your email', 'email': 'Email is required', 'password': 'Password is required'}, 'message': 'Validation failed', 'success': False, 'timestamp': '2025-05-16 18:25:41'}.get\n +  and   False = any(<generator object test_registration.<locals>.<genexpr> at 0x707d868bd7d0>)", "trace": "data = {'confirmEmail': '', 'description': 'Both Fields Empty', 'email': '', 'expected_message': 'Email and password are required', ...}\n\n    @pytest.mark.parametrize(\"data\", test_data)\n    def test_registration(data):\n        payload = {\n            \"email\": data[\"email\"],\n            \"confirmEmail\": data[\"confirmEmail\"],\n            \"password\": data[\"password\"]\n        }\n        response = post_request(\"https://abc13514.sg-host.com/api.php\", payload)\n    \n        # Assert status code\n        assert response.status_code == data[\"expected_status\"], (\n            f\"Test '{data['description']}' failed: Expected status {data['expected_status']}, got {response.status_code}. Response: {response.text}\"\n        )\n    \n        # Assert expected message if present\n        if \"expected_message\" in data:\n            resp_json = response.json()\n>           assert data[\"expected_message\"] in resp_json.get(\"message\", \"\") or \\\n                   any(data[\"expected_message\"] in err for err in resp_json.get(\"errors\", {}).values()), (\n                f\"Test '{data['description']}' failed: Expected message '{data['expected_message']}', got '{resp_json.get('message', '')}'.\"\n            )\nE           AssertionError: Test 'Both Fields Empty' failed: Expected message 'Email and password are required', got 'Validation failed'.\nE           assert ('Email and password are required' in 'Validation failed' or False)\nE            +  where 'Validation failed' = <built-in method get of dict object at 0x707d868c4600>('message', '')\nE            +    where <built-in method get of dict object at 0x707d868c4600> = {'errors': {'confirmEmail': 'Please confirm your email', 'email': 'Email is required', 'password': 'Password is required'}, 'message': 'Validation failed', 'success': False, 'timestamp': '2025-05-16 18:25:41'}.get\nE            +  and   False = any(<generator object test_registration.<locals>.<genexpr> at 0x707d868bd7d0>)\n\ntest_registration_data_driven.py:24: AssertionError"}, "parameters": [{"name": "data", "value": "{'description': 'Both Fields Empty', 'email': '', 'confirmEmail': '', 'password': '', 'expected_status': 400, 'expected_message': 'Email and password are required'}"}], "start": 1747419941253, "stop": 1747419941283, "uuid": "0eaaeef2-081f-423b-ac10-d0f21de0f704", "historyId": "ccb68a334a5843299f7621042f9e0e77", "testCaseId": "42441ed84a770fed2606b456e39d939f", "fullName": "test_registration_data_driven#test_registration", "labels": [{"name": "suite", "value": "test_registration_data_driven"}, {"name": "host", "value": "codespaces-8e7423"}, {"name": "thread", "value": "36641-MainThread"}, {"name": "framework", "value": "pytest"}, {"name": "language", "value": "cpython3"}, {"name": "package", "value": "test_registration_data_driven"}]}