{"name": "test_registration[data13]", "status": "failed", "statusDetails": {"message": "AssertionError: Test 'Maximum Length of Email and Password' failed: Expected status 200, got 400. Response: {\"success\":false,\"message\":\"Validation failed\",\"errors\":{\"email\":\"Email must not exceed 25 characters\",\"password\":\"Password must contain at least one digit\"},\"timestamp\":\"2025-05-16 19:56:25\"}\nassert 400 == 200\n +  where 400 = <Response [400]>.status_code", "trace": "data = {'confirmEmail': 'aaaaaaaaaaaaaaaaaaaa@example.com', 'description': 'Maximum Length of Email and Password', 'email': 'aaaaaaaaaaaaaaaaaaaa@example.com', 'expected_message': 'Registration successful', ...}\n\n    @pytest.mark.parametrize(\"data\", test_data)\n    def test_registration(data):\n        payload = {\n            \"email\": data[\"email\"],\n            \"confirmEmail\": data[\"confirmEmail\"],\n            \"password\": data[\"password\"]\n        }\n        response = post_request(\"https://abc13514.sg-host.com/api.php\", payload)\n    \n        # Assert status code\n>       assert response.status_code == data[\"expected_status\"], (\n            f\"Test '{data['description']}' failed: Expected status {data['expected_status']}, got {response.status_code}. Response: {response.text}\"\n        )\nE       AssertionError: Test 'Maximum Length of Email and Password' failed: Expected status 200, got 400. Response: {\"success\":false,\"message\":\"Validation failed\",\"errors\":{\"email\":\"Email must not exceed 25 characters\",\"password\":\"Password must contain at least one digit\"},\"timestamp\":\"2025-05-16 19:56:25\"}\nE       assert 400 == 200\nE        +  where 400 = <Response [400]>.status_code\n\ntest_registration_data_driven.py:17: AssertionError"}, "parameters": [{"name": "data", "value": "{'description': 'Maximum Length of Email and Password', 'email': 'aaaaaaaaaaaaaaaaaaaa@example.com', 'confirmEmail': 'aaaaaaaaaaaaaaaaaaaa@example.com', 'password': 'AAAAAAAAAAAAAAAAAAAA', 'expected_status': 200, 'expected_message': 'Registration successful'}"}], "start": 1747425385773, "stop": 1747425385804, "uuid": "602c4ef4-c77b-4e45-b1ed-71922c6d4e69", "historyId": "8e094b849624d294d090af392be3ee8e", "testCaseId": "42441ed84a770fed2606b456e39d939f", "fullName": "test_registration_data_driven#test_registration", "labels": [{"name": "suite", "value": "test_registration_data_driven"}, {"name": "host", "value": "codespaces-8e7423"}, {"name": "thread", "value": "29045-MainThread"}, {"name": "framework", "value": "pytest"}, {"name": "language", "value": "cpython3"}, {"name": "package", "value": "test_registration_data_driven"}]}