{"name": "test_registration[data4]", "status": "failed", "statusDetails": {"message": "AssertionError: Test 'Empty Email Field' failed: Expected message containing 'Validation failed', got 'Validation failed' and errors ['Email is required', 'Please confirm your email'].\nassert False\n +  where False = any(<generator object test_registration.<locals>.<genexpr> at 0x7b57eaf3f6b0>)", "trace": "data = {'confirmEmail': '', 'description': 'Empty Email Field', 'email': '', 'expected_message': 'Validation failed', ...}\n\n    @pytest.mark.parametrize(\"data\", test_data)\n    def test_registration(data):\n        payload = {\n            \"email\": data[\"email\"],\n            \"confirmEmail\": data[\"confirmEmail\"],\n            \"password\": data[\"password\"]\n        }\n        response = post_request(\"https://abc13514.sg-host.com/api.php\", payload)\n    \n        # Assert status code\n        assert response.status_code == data[\"expected_status\"], (\n            f\"Test '{data['description']}' failed: Expected status {data['expected_status']}, got {response.status_code}. Response: {response.text}\"\n        )\n    \n        # Assert expected message if present\n        if \"expected_message\" in data:\n            resp_json = response.json()\n            actual_message = resp_json.get(\"message\", \"\")\n    \n            # Check if the expected message is part of the actual message\n            if actual_message == \"Validation failed\":\n                error_messages = [msg for msg in resp_json.get(\"errors\", {}).values()]\n>               assert any(data[\"expected_message\"] in msg for msg in error_messages), (\n                    f\"Test '{data['description']}' failed: Expected message containing '{data['expected_message']}', got '{actual_message}' and errors {error_messages}.\"\n                )\nE               AssertionError: Test 'Empty Email Field' failed: Expected message containing 'Validation failed', got 'Validation failed' and errors ['Email is required', 'Please confirm your email'].\nE               assert False\nE                +  where False = any(<generator object test_registration.<locals>.<genexpr> at 0x7b57eaf3f6b0>)\n\ntest_registration_data_driven.py:29: AssertionError"}, "parameters": [{"name": "data", "value": "{'description': 'Empty Email Field', 'email': '', 'confirmEmail': '', 'password': 'Password123', 'expected_status': 400, 'expected_message': 'Validation failed'}"}], "start": 1747423946263, "stop": 1747423946333, "uuid": "6b558210-5a05-4791-8969-35c955bb1d36", "historyId": "52e77c4768d2028873e4c9ec5eb338ac", "testCaseId": "42441ed84a770fed2606b456e39d939f", "fullName": "test_registration_data_driven#test_registration", "labels": [{"name": "suite", "value": "test_registration_data_driven"}, {"name": "host", "value": "codespaces-8e7423"}, {"name": "thread", "value": "16804-MainThread"}, {"name": "framework", "value": "pytest"}, {"name": "language", "value": "cpython3"}, {"name": "package", "value": "test_registration_data_driven"}]}