{"name": "test_registration[data7]", "status": "failed", "statusDetails": {"message": "AssertionError: Test 'Password Length Check' failed: Expected message 'Password must be at least 8 characters long', got 'Validation failed'.\nassert ('Password must be at least 8 characters long' in 'Validation failed' or False)\n +  where 'Validation failed' = <built-in method get of dict object at 0x707d868d5f80>('message', '')\n +    where <built-in method get of dict object at 0x707d868d5f80> = {'errors': {'password': 'Password must be between 6 and 20 characters'}, 'message': 'Validation failed', 'success': False, 'timestamp': '2025-05-16 18:25:41'}.get\n +  and   False = any(<generator object test_registration.<locals>.<genexpr> at 0x707d868b0380>)", "trace": "data = {'confirmEmail': 'user@example.com', 'description': 'Password Length Check', 'email': 'user@example.com', 'expected_message': 'Password must be at least 8 characters long', ...}\n\n    @pytest.mark.parametrize(\"data\", test_data)\n    def test_registration(data):\n        payload = {\n            \"email\": data[\"email\"],\n            \"confirmEmail\": data[\"confirmEmail\"],\n            \"password\": data[\"password\"]\n        }\n        response = post_request(\"https://abc13514.sg-host.com/api.php\", payload)\n    \n        # Assert status code\n        assert response.status_code == data[\"expected_status\"], (\n            f\"Test '{data['description']}' failed: Expected status {data['expected_status']}, got {response.status_code}. Response: {response.text}\"\n        )\n    \n        # Assert expected message if present\n        if \"expected_message\" in data:\n            resp_json = response.json()\n>           assert data[\"expected_message\"] in resp_json.get(\"message\", \"\") or \\\n                   any(data[\"expected_message\"] in err for err in resp_json.get(\"errors\", {}).values()), (\n                f\"Test '{data['description']}' failed: Expected message '{data['expected_message']}', got '{resp_json.get('message', '')}'.\"\n            )\nE           AssertionError: Test 'Password Length Check' failed: Expected message 'Password must be at least 8 characters long', got 'Validation failed'.\nE           assert ('Password must be at least 8 characters long' in 'Validation failed' or False)\nE            +  where 'Validation failed' = <built-in method get of dict object at 0x707d868d5f80>('message', '')\nE            +    where <built-in method get of dict object at 0x707d868d5f80> = {'errors': {'password': 'Password must be between 6 and 20 characters'}, 'message': 'Validation failed', 'success': False, 'timestamp': '2025-05-16 18:25:41'}.get\nE            +  and   False = any(<generator object test_registration.<locals>.<genexpr> at 0x707d868b0380>)\n\ntest_registration_data_driven.py:24: AssertionError"}, "parameters": [{"name": "data", "value": "{'description': 'Password Length Check', 'email': 'user@example.com', 'confirmEmail': 'user@example.com', 'password': 'Pass', 'expected_status': 400, 'expected_message': 'Password must be at least 8 characters long'}"}], "start": 1747419941287, "stop": 1747419941317, "uuid": "53faaf4d-d486-4cc3-a431-e8a8ee7347cf", "historyId": "0d558652ffd5ee5a5decb83d86c451d8", "testCaseId": "42441ed84a770fed2606b456e39d939f", "fullName": "test_registration_data_driven#test_registration", "labels": [{"name": "suite", "value": "test_registration_data_driven"}, {"name": "host", "value": "codespaces-8e7423"}, {"name": "thread", "value": "36641-MainThread"}, {"name": "framework", "value": "pytest"}, {"name": "language", "value": "cpython3"}, {"name": "package", "value": "test_registration_data_driven"}]}