{"name": "test_registration[data13]", "status": "failed", "statusDetails": {"message": "AssertionError: Test 'Maximum Length of Email and Password' failed: Expected status 200, got 400. Response: {\"success\":false,\"message\":\"Validation failed\",\"errors\":{\"password\":\"Password must be between 6 and 20 characters\"},\"timestamp\":\"2025-05-16 20:12:00\"}\nassert 400 == 200\n +  where 400 = <Response [400]>.status_code", "trace": "data = {'confirmEmail': 'aaaaaaaaaaaaa@example.com', 'description': 'Maximum Length of Email and Password', 'email': 'aaaaaaaaaaaaa@example.com', 'expected_message': 'Registration successful', ...}\n\n    @pytest.mark.parametrize(\"data\", test_data)\n    def test_registration(data):\n        payload = {\n            \"email\": data[\"email\"],\n            \"confirmEmail\": data[\"confirmEmail\"],\n            \"password\": data[\"password\"]\n        }\n        response = post_request(\"https://abc13514.sg-host.com/api.php\", payload)\n    \n        # Assert status code\n>       assert response.status_code == data[\"expected_status\"], (\n            f\"Test '{data['description']}' failed: Expected status {data['expected_status']}, got {response.status_code}. Response: {response.text}\"\n        )\nE       AssertionError: Test 'Maximum Length of Email and Password' failed: Expected status 200, got 400. Response: {\"success\":false,\"message\":\"Validation failed\",\"errors\":{\"password\":\"Password must be between 6 and 20 characters\"},\"timestamp\":\"2025-05-16 20:12:00\"}\nE       assert 400 == 200\nE        +  where 400 = <Response [400]>.status_code\n\ntest_registration_data_driven.py:17: AssertionError"}, "parameters": [{"name": "data", "value": "{'description': 'Maximum Length of Email and Password', 'email': 'aaaaaaaaaaaaa@example.com', 'confirmEmail': 'aaaaaaaaaaaaa@example.com', 'password': '1AAAAAAAAAAAAAAAAAAAA', 'expected_status': 200, 'expected_message': 'Registration successful'}"}], "start": 1747426320337, "stop": 1747426320399, "uuid": "e8c44efc-27ec-4214-8467-337f3420dca0", "historyId": "38c1ba42eda9677761a0ca07f5971268", "testCaseId": "42441ed84a770fed2606b456e39d939f", "fullName": "test_registration_data_driven#test_registration", "labels": [{"name": "suite", "value": "test_registration_data_driven"}, {"name": "host", "value": "codespaces-8e7423"}, {"name": "thread", "value": "37296-MainThread"}, {"name": "framework", "value": "pytest"}, {"name": "language", "value": "cpython3"}, {"name": "package", "value": "test_registration_data_driven"}]}